<?xml version="1.0" encoding="UTF-8"?>
<!-- Generated by org.testng.reporters.JUnitReportReporter -->
<testsuite hostname="Saurabhs-MacBook-Air.local" failures="0" tests="1" name="Demo.De.TestShoppingDemo" time="57.541" errors="0" timestamp="2024-06-01T12:57:24 IST" skipped="0">
  <testcase classname="Demo.De.TestShoppingDemo" name="test" time="57.541"/>
</testsuite> <!-- Demo.De.TestShoppingDemo -->
