<?xml version="1.0" encoding="UTF-8"?>
<!-- Generated by org.testng.reporters.JUnitReportReporter -->
<testsuite hostname="Saurabhs-MacBook-Air.local" failures="0" tests="1" name="Demo.De.aaa" time="56.077" errors="0" timestamp="2024-06-01T02:46:26 IST" skipped="0">
  <testcase classname="Demo.De.aaa" name="Setup" time="56.077"/>
</testsuite> <!-- Demo.De.aaa -->
