<?xml version="1.0" encoding="UTF-8"?>
<!-- Generated by org.testng.reporters.JUnitReportReporter -->
<testsuite hostname="Saurabhs-MacBook-Air.local" failures="0" tests="1" name="Demo.De.TestTyu" time="57.934" errors="0" timestamp="2024-06-01T12:54:18 IST" skipped="0">
  <testcase classname="Demo.De.TestTyu" name="test" time="57.934"/>
</testsuite> <!-- Demo.De.TestTyu -->
